[debug] [2019-04-23T19:09:41.620Z] ----------------------------------------------------------------------
[debug] [2019-04-23T19:09:41.620Z] Command:       C:\Program Files\nodejs\node.exe C:\Users\Laboratoria\AppData\Roaming\npm\node_modules\firebase-tools\lib\bin\firebase.js deploy
[debug] [2019-04-23T19:09:41.620Z] CLI Version:   6.5.0
[debug] [2019-04-23T19:09:41.620Z] Platform:      win32
[debug] [2019-04-23T19:09:41.620Z] Node Version:  v8.11.2
[debug] [2019-04-23T19:09:41.620Z] Time:          Tue Apr 23 2019 14:09:41 GMT-0500 (Hora est. Pacífico, Sudamérica)
[debug] [2019-04-23T19:09:41.620Z] ----------------------------------------------------------------------
[debug] 
[debug] [2019-04-23T19:09:41.635Z] > command requires scopes: ["email","openid","https://www.googleapis.com/auth/cloudplatformprojects.readonly","https://www.googleapis.com/auth/firebase","https://www.googleapis.com/auth/cloud-platform"]
[debug] [2019-04-23T19:09:41.635Z] > authorizing via signed-in user
[debug] [2019-04-23T19:09:41.635Z] [iam] checking project burger-queen-reactive for permissions ["cloudfunctions.functions.create","cloudfunctions.functions.delete","cloudfunctions.functions.get","cloudfunctions.functions.list","cloudfunctions.functions.update","cloudfunctions.operations.get","datastore.indexes.create","datastore.indexes.delete","datastore.indexes.list","datastore.indexes.update","firebase.projects.get","firebasehosting.sites.update"]
[debug] [2019-04-23T19:09:41.635Z] >>> HTTP REQUEST POST https://cloudresourcemanager.googleapis.com/v1/projects/burger-queen-reactive:testIamPermissions  

[debug] [2019-04-23T19:09:42.890Z] <<< HTTP RESPONSE 200
[debug] [2019-04-23T19:09:42.905Z] >>> HTTP REQUEST GET https://firebase.googleapis.com/v1beta1/projects/burger-queen-reactive  
 
[debug] [2019-04-23T19:09:44.130Z] <<< HTTP RESPONSE 200
[info] 
[info] === Deploying to 'burger-queen-reactive'...
[info] 
[info] i  deploying firestore, functions, hosting
[info] Running command: npm --prefix "%RESOURCE_DIR%" run lint
[info] +  functions: Finished running predeploy script.
[info] i  firestore: checking firestore.rules for compilation errors...
[info] i  firestore: reading indexes from firestore.indexes.json...
[debug] [2019-04-23T19:09:52.831Z] >>> HTTP REQUEST POST https://firebaserules.googleapis.com/v1/projects/burger-queen-reactive:test  

[debug] [2019-04-23T19:09:54.026Z] <<< HTTP RESPONSE 200
[info] +  firestore: rules file firestore.rules compiled successfully
[debug] [2019-04-23T19:09:54.026Z] > [functions] package.json contents: {
  "name": "functions",
  "description": "Cloud Functions for Firebase",
  "private": true,
  "scripts": {
    "lint": "eslint .",
    "serve": "firebase serve --only functions",
    "shell": "firebase functions:shell",
    "start": "npm run shell",
    "deploy": "firebase deploy --only functions",
    "logs": "firebase functions:log"
  },
  "dependencies": {
    "firebase-admin": "~6.0.0",
    "firebase-functions": "^2.0.3"
  },
  "devDependencies": {
    "eslint": "^4.12.0",
    "eslint-plugin-promise": "^3.6.0"
  }
}
[info] i  functions: ensuring necessary APIs are enabled...
[debug] [2019-04-23T19:09:54.042Z] >>> HTTP REQUEST GET https://servicemanagement.googleapis.com/v1/services/cloudfunctions.googleapis.com/projectSettings/burger-queen-reactive?view=CONSUMER_VIEW  
 
[debug] [2019-04-23T19:09:54.042Z] >>> HTTP REQUEST GET https://servicemanagement.googleapis.com/v1/services/runtimeconfig.googleapis.com/projectSettings/burger-queen-reactive?view=CONSUMER_VIEW  
 
[debug] [2019-04-23T19:09:55.760Z] <<< HTTP RESPONSE 200
[debug] [2019-04-23T19:09:55.807Z] <<< HTTP RESPONSE 200
[info] +  functions: all necessary APIs are enabled
[debug] [2019-04-23T19:09:55.807Z] >>> HTTP REQUEST GET https://cloudresourcemanager.googleapis.com/v1/projects/burger-queen-reactive  
 
[debug] [2019-04-23T19:09:56.963Z] <<< HTTP RESPONSE 200
[debug] [2019-04-23T19:09:56.963Z] >>> HTTP REQUEST GET https://mobilesdk-pa.googleapis.com/v1/projects/299451856705:getServerAppConfig  
 
[debug] [2019-04-23T19:09:57.370Z] <<< HTTP RESPONSE 200
[debug] [2019-04-23T19:09:57.370Z] >>> HTTP REQUEST POST https://firebasehosting.googleapis.com/v1beta1/sites/burger-queen-reactive/versions  

[debug] [2019-04-23T19:09:59.119Z] <<< HTTP RESPONSE 200
[info] i  firestore: uploading rules firestore.rules...
[debug] [2019-04-23T19:09:59.135Z] >>> HTTP REQUEST POST https://firebaserules.googleapis.com/v1/projects/burger-queen-reactive/rulesets  

[debug] [2019-04-23T19:09:59.135Z] >>> HTTP REQUEST GET https://firestore.googleapis.com/v1beta2/projects/burger-queen-reactive/databases/(default)/collectionGroups/-/indexes  
 
[debug] [2019-04-23T19:10:00.398Z] <<< HTTP RESPONSE 200
[debug] [2019-04-23T19:10:00.398Z] >>> HTTP REQUEST GET https://firestore.googleapis.com/v1beta2/projects/burger-queen-reactive/databases/(default)/collectionGroups/-/fields?filter=indexConfig.usesAncestorConfig=false  
 
[debug] [2019-04-23T19:10:00.461Z] <<< HTTP RESPONSE 200
[debug] [2019-04-23T19:10:00.461Z] [rules] created ruleset projects/burger-queen-reactive/rulesets/60399aba-3cdd-40c4-8c9c-fa8d71af2c54
[debug] [2019-04-23T19:10:01.481Z] <<< HTTP RESPONSE 200
[info] +  firestore: deployed indexes in firestore.indexes.json successfully
[info] i  functions: preparing functions directory for uploading...
[debug] [2019-04-23T19:10:01.496Z] >>> HTTP REQUEST GET https://runtimeconfig.googleapis.com/v1beta1/projects/burger-queen-reactive/configs  
 
[debug] [2019-04-23T19:10:02.387Z] <<< HTTP RESPONSE 200
[info] i  functions: packaged functions (53.61 KB) for uploading
[debug] [2019-04-23T19:10:02.996Z] >>> HTTP REQUEST POST https://cloudfunctions.googleapis.com/v1/projects/burger-queen-reactive/locations/us-central1/functions:generateUploadUrl  
 
[debug] [2019-04-23T19:10:04.403Z] <<< HTTP RESPONSE 200
[debug] [2019-04-23T19:10:04.403Z] >>> HTTP REQUEST PUT https://storage.googleapis.com/gcf-upload-us-central1-8e30fd6b-5827-48bf-89cb-f6e1565eb4ee/99a2891f-575e-4776-bcaf-a5f2225123e3.zip?GoogleAccessId=service-299451856705@gcf-admin-robot.iam.gserviceaccount.com&Expires=1556048402&Signature=jojqAL4r8N6ZpEYrhgLOJkVL%2FHyA0BDQkkObekgC7z16Bt2VpvLFcUvhghnI%2FCWyLn25Zv1FEWdYMJnm5zXdOWwimumjEHI7ZwIR8q52h%2BtAgBz2D4WPwa3X%2F1I6m9lF9zblEEIp0QKbqo3QLtLOOGmgOYNUO3S2utc8%2B%2FRUF21vpKFGB3yIbAsoQojR46rDkTR4M6WXjzFPQvWp6SDq9%2FlXhFIm06qOydczFSEa7sl%2F4M8nALwLBzmSU%2BDdhRJ7MDy7lmNVcIxO4bdOw3hHINBdxO0JuQy1jAobBfQ%2BbqvWco48BejmGYhymjo3eit1CuICj%2B0Xz7AYbELTb8pr7w%3D%3D  

[debug] [2019-04-23T19:10:05.121Z] <<< HTTP RESPONSE 200
[info] +  functions: functions folder uploaded successfully
[info] i  hosting[burger-queen-reactive]: beginning deploy...
[info] i  hosting[burger-queen-reactive]: found 16 files in build
[debug] [2019-04-23T19:10:05.215Z] [hosting] hash cache [YnVpbGQ] load error: lines is not defined
[debug] [2019-04-23T19:10:05.902Z] [hosting] hash cache [YnVpbGQ] stored for 16 files
[debug] [2019-04-23T19:10:05.902Z] [hosting][hash queue][FINAL]
[debug] [2019-04-23T19:10:05.902Z] >>> HTTP REQUEST POST https://firebasehosting.googleapis.com/v1beta1/sites/burger-queen-reactive/versions/81d440903f7c22cb:populateFiles  
 <request body omitted>
[debug] [2019-04-23T19:10:07.840Z] <<< HTTP RESPONSE 200
[debug] [2019-04-23T19:10:07.840Z] [hosting][populate queue][FINAL]
[debug] [2019-04-23T19:10:07.840Z] [hosting] uploads queued: 0
[debug] [2019-04-23T19:10:07.840Z] [hosting][upload queue][FINAL]
[info] +  hosting[burger-queen-reactive]: file upload complete
[debug] [2019-04-23T19:10:07.840Z] [hosting] deploy completed after 2719ms
[debug] [2019-04-23T19:10:08.165Z] [rules] releasing cloud.firestore with ruleset projects/burger-queen-reactive/rulesets/60399aba-3cdd-40c4-8c9c-fa8d71af2c54
[debug] [2019-04-23T19:10:08.165Z] >>> HTTP REQUEST PATCH https://firebaserules.googleapis.com/v1/projects/burger-queen-reactive/releases/cloud.firestore  

[debug] [2019-04-23T19:10:09.493Z] <<< HTTP RESPONSE 200
[debug] [2019-04-23T19:10:09.493Z] [rules] updated release projects/burger-queen-reactive/releases/cloud.firestore
[info] +  firestore: released rules firestore.rules to cloud.firestore
[debug] [2019-04-23T19:10:09.508Z] >>> HTTP REQUEST GET https://cloudfunctions.googleapis.com/v1/projects/burger-queen-reactive/locations/-/functions  
 
[debug] [2019-04-23T19:10:10.960Z] <<< HTTP RESPONSE 200
[info] i  functions: updating Node.js 6 function createProfile(us-central1)...
[debug] [2019-04-23T19:10:10.976Z] Trigger is:  {"eventTrigger":{"resource":"projects/burger-queen-reactive","eventType":"providers/firebase.auth/eventTypes/user.create","service":"firebaseauth.googleapis.com"}}
[info] i  functions: updating Node.js 6 function deleteProfile(us-central1)...
[debug] [2019-04-23T19:10:10.976Z] Trigger is:  {"eventTrigger":{"resource":"projects/burger-queen-reactive","eventType":"providers/firebase.auth/eventTypes/user.delete","service":"firebaseauth.googleapis.com"}}
[debug] [2019-04-23T19:10:10.976Z] >>> HTTP REQUEST PATCH https://cloudfunctions.googleapis.com/v1/projects/burger-queen-reactive/locations/us-central1/functions/createProfile {"updateMask":"sourceUploadUrl,name,labels,eventTrigger.resource,eventTrigger.eventType,eventTrigger.service"} 

[debug] [2019-04-23T19:10:10.991Z] >>> HTTP REQUEST PATCH https://cloudfunctions.googleapis.com/v1/projects/burger-queen-reactive/locations/us-central1/functions/deleteProfile {"updateMask":"sourceUploadUrl,name,labels,eventTrigger.resource,eventTrigger.eventType,eventTrigger.service"} 

[debug] [2019-04-23T19:10:11.476Z] <<< HTTP RESPONSE 200
[debug] [2019-04-23T19:10:12.288Z] <<< HTTP RESPONSE 200
[debug] [2019-04-23T19:10:12.288Z] >>> HTTP REQUEST GET https://cloudfunctions.googleapis.com/v1/operations/YnVyZ2VyLXF1ZWVuLXJlYWN0aXZlL3VzLWNlbnRyYWwxL2NyZWF0ZVByb2ZpbGUvY2ljZERkVFZxSW8  
 
[debug] [2019-04-23T19:10:12.288Z] >>> HTTP REQUEST GET https://cloudfunctions.googleapis.com/v1/operations/YnVyZ2VyLXF1ZWVuLXJlYWN0aXZlL3VzLWNlbnRyYWwxL2RlbGV0ZVByb2ZpbGUvZHJ0ZTg4MGtDSU0  
 
[debug] [2019-04-23T19:10:12.616Z] <<< HTTP RESPONSE 200
[debug] [2019-04-23T19:10:13.554Z] <<< HTTP RESPONSE 200
[debug] [2019-04-23T19:10:14.636Z] >>> HTTP REQUEST GET https://cloudfunctions.googleapis.com/v1/operations/YnVyZ2VyLXF1ZWVuLXJlYWN0aXZlL3VzLWNlbnRyYWwxL2RlbGV0ZVByb2ZpbGUvZHJ0ZTg4MGtDSU0  
 
[debug] [2019-04-23T19:10:15.558Z] >>> HTTP REQUEST GET https://cloudfunctions.googleapis.com/v1/operations/YnVyZ2VyLXF1ZWVuLXJlYWN0aXZlL3VzLWNlbnRyYWwxL2NyZWF0ZVByb2ZpbGUvY2ljZERkVFZxSW8  
 
[debug] [2019-04-23T19:10:15.840Z] <<< HTTP RESPONSE 200
[debug] [2019-04-23T19:10:16.772Z] <<< HTTP RESPONSE 200
[debug] [2019-04-23T19:10:17.850Z] >>> HTTP REQUEST GET https://cloudfunctions.googleapis.com/v1/operations/YnVyZ2VyLXF1ZWVuLXJlYWN0aXZlL3VzLWNlbnRyYWwxL2RlbGV0ZVByb2ZpbGUvZHJ0ZTg4MGtDSU0  
 
[debug] [2019-04-23T19:10:18.162Z] <<< HTTP RESPONSE 200
[debug] [2019-04-23T19:10:18.787Z] >>> HTTP REQUEST GET https://cloudfunctions.googleapis.com/v1/operations/YnVyZ2VyLXF1ZWVuLXJlYWN0aXZlL3VzLWNlbnRyYWwxL2NyZWF0ZVByb2ZpbGUvY2ljZERkVFZxSW8  
 
[debug] [2019-04-23T19:10:19.100Z] <<< HTTP RESPONSE 200
[debug] [2019-04-23T19:10:20.178Z] >>> HTTP REQUEST GET https://cloudfunctions.googleapis.com/v1/operations/YnVyZ2VyLXF1ZWVuLXJlYWN0aXZlL3VzLWNlbnRyYWwxL2RlbGV0ZVByb2ZpbGUvZHJ0ZTg4MGtDSU0  
 
[debug] [2019-04-23T19:10:21.115Z] >>> HTTP REQUEST GET https://cloudfunctions.googleapis.com/v1/operations/YnVyZ2VyLXF1ZWVuLXJlYWN0aXZlL3VzLWNlbnRyYWwxL2NyZWF0ZVByb2ZpbGUvY2ljZERkVFZxSW8  
 
[debug] [2019-04-23T19:10:21.365Z] <<< HTTP RESPONSE 200
[debug] [2019-04-23T19:10:22.318Z] <<< HTTP RESPONSE 200
[debug] [2019-04-23T19:10:23.381Z] >>> HTTP REQUEST GET https://cloudfunctions.googleapis.com/v1/operations/YnVyZ2VyLXF1ZWVuLXJlYWN0aXZlL3VzLWNlbnRyYWwxL2RlbGV0ZVByb2ZpbGUvZHJ0ZTg4MGtDSU0  
 
[debug] [2019-04-23T19:10:24.334Z] >>> HTTP REQUEST GET https://cloudfunctions.googleapis.com/v1/operations/YnVyZ2VyLXF1ZWVuLXJlYWN0aXZlL3VzLWNlbnRyYWwxL2NyZWF0ZVByb2ZpbGUvY2ljZERkVFZxSW8  
 
[debug] [2019-04-23T19:10:24.553Z] <<< HTTP RESPONSE 200
[debug] [2019-04-23T19:10:24.631Z] <<< HTTP RESPONSE 200
[debug] [2019-04-23T19:10:26.568Z] >>> HTTP REQUEST GET https://cloudfunctions.googleapis.com/v1/operations/YnVyZ2VyLXF1ZWVuLXJlYWN0aXZlL3VzLWNlbnRyYWwxL2RlbGV0ZVByb2ZpbGUvZHJ0ZTg4MGtDSU0  
 
[debug] [2019-04-23T19:10:26.631Z] >>> HTTP REQUEST GET https://cloudfunctions.googleapis.com/v1/operations/YnVyZ2VyLXF1ZWVuLXJlYWN0aXZlL3VzLWNlbnRyYWwxL2NyZWF0ZVByb2ZpbGUvY2ljZERkVFZxSW8  
 
[debug] [2019-04-23T19:10:27.756Z] <<< HTTP RESPONSE 200
[debug] [2019-04-23T19:10:27.787Z] <<< HTTP RESPONSE 200
[debug] [2019-04-23T19:10:29.771Z] >>> HTTP REQUEST GET https://cloudfunctions.googleapis.com/v1/operations/YnVyZ2VyLXF1ZWVuLXJlYWN0aXZlL3VzLWNlbnRyYWwxL2RlbGV0ZVByb2ZpbGUvZHJ0ZTg4MGtDSU0  
 
[debug] [2019-04-23T19:10:29.802Z] >>> HTTP REQUEST GET https://cloudfunctions.googleapis.com/v1/operations/YnVyZ2VyLXF1ZWVuLXJlYWN0aXZlL3VzLWNlbnRyYWwxL2NyZWF0ZVByb2ZpbGUvY2ljZERkVFZxSW8  
 
[debug] [2019-04-23T19:10:30.068Z] <<< HTTP RESPONSE 200
[debug] [2019-04-23T19:10:30.990Z] <<< HTTP RESPONSE 200
[debug] [2019-04-23T19:10:32.083Z] >>> HTTP REQUEST GET https://cloudfunctions.googleapis.com/v1/operations/YnVyZ2VyLXF1ZWVuLXJlYWN0aXZlL3VzLWNlbnRyYWwxL2RlbGV0ZVByb2ZpbGUvZHJ0ZTg4MGtDSU0  
 
[debug] [2019-04-23T19:10:33.005Z] >>> HTTP REQUEST GET https://cloudfunctions.googleapis.com/v1/operations/YnVyZ2VyLXF1ZWVuLXJlYWN0aXZlL3VzLWNlbnRyYWwxL2NyZWF0ZVByb2ZpbGUvY2ljZERkVFZxSW8  
 
[debug] [2019-04-23T19:10:33.255Z] <<< HTTP RESPONSE 200
[debug] [2019-04-23T19:10:34.193Z] <<< HTTP RESPONSE 200
[debug] [2019-04-23T19:10:35.271Z] >>> HTTP REQUEST GET https://cloudfunctions.googleapis.com/v1/operations/YnVyZ2VyLXF1ZWVuLXJlYWN0aXZlL3VzLWNlbnRyYWwxL2RlbGV0ZVByb2ZpbGUvZHJ0ZTg4MGtDSU0  
 
[debug] [2019-04-23T19:10:36.193Z] >>> HTTP REQUEST GET https://cloudfunctions.googleapis.com/v1/operations/YnVyZ2VyLXF1ZWVuLXJlYWN0aXZlL3VzLWNlbnRyYWwxL2NyZWF0ZVByb2ZpbGUvY2ljZERkVFZxSW8  
 
[debug] [2019-04-23T19:10:36.458Z] <<< HTTP RESPONSE 200
[debug] [2019-04-23T19:10:37.380Z] <<< HTTP RESPONSE 200
[debug] [2019-04-23T19:10:38.467Z] >>> HTTP REQUEST GET https://cloudfunctions.googleapis.com/v1/operations/YnVyZ2VyLXF1ZWVuLXJlYWN0aXZlL3VzLWNlbnRyYWwxL2RlbGV0ZVByb2ZpbGUvZHJ0ZTg4MGtDSU0  
 
[debug] [2019-04-23T19:10:39.394Z] >>> HTTP REQUEST GET https://cloudfunctions.googleapis.com/v1/operations/YnVyZ2VyLXF1ZWVuLXJlYWN0aXZlL3VzLWNlbnRyYWwxL2NyZWF0ZVByb2ZpbGUvY2ljZERkVFZxSW8  
 
[debug] [2019-04-23T19:10:39.656Z] <<< HTTP RESPONSE 200
[info] +  functions[deleteProfile(us-central1)]: Successful update operation. 
[debug] [2019-04-23T19:10:40.587Z] <<< HTTP RESPONSE 200
[debug] [2019-04-23T19:10:42.593Z] >>> HTTP REQUEST GET https://cloudfunctions.googleapis.com/v1/operations/YnVyZ2VyLXF1ZWVuLXJlYWN0aXZlL3VzLWNlbnRyYWwxL2NyZWF0ZVByb2ZpbGUvY2ljZERkVFZxSW8  
 
[debug] [2019-04-23T19:10:43.810Z] <<< HTTP RESPONSE 200
[info] +  functions[createProfile(us-central1)]: Successful update operation. 
[debug] [2019-04-23T19:10:43.826Z] [
  {
    "config": {
      "public": "build",
      "ignore": [
        "firebase.json",
        "**/.*",
        "**/node_modules/**"
      ],
      "rewrites": [
        {
          "source": "**",
          "destination": "/index.html"
        }
      ],
      "site": "burger-queen-reactive"
    },
    "site": "burger-queen-reactive",
    "version": "sites/burger-queen-reactive/versions/81d440903f7c22cb"
  }
]
[info] i  hosting[burger-queen-reactive]: finalizing version...
[debug] [2019-04-23T19:10:43.826Z] >>> HTTP REQUEST PATCH https://firebasehosting.googleapis.com/v1beta1/sites/burger-queen-reactive/versions/81d440903f7c22cb?updateMask=status  

